<!DOCTYPE html PUBLIC "-//W3C//DTD XHTML 1.1//EN" "https://www.w3.org/TR/xhtml11/DTD/xhtml11.dtd">
<html xmlns="https://www.w3.org/1999/xhtml">
<head>
<meta charset='utf-8'>
<title>TestNG Report</title>
<style type="text/css">
table {margin-bottom:10px;border-collapse:collapse;empty-cells:show}
td,th {border:1px solid #009;padding:.25em .5em}
.result th {vertical-align:bottom}
.param th {padding-left:1em;padding-right:1em}
.param td {padding-left:.5em;padding-right:2em}
.stripe td,.stripe th {background-color: #E6EBF9}
.numi,.numi_attn {text-align:right}
.total td {font-weight:bold}
.passedodd td {background-color: #0A0}
.passedeven td {background-color: #3F3}
.skippedodd td {background-color: #CCC}
.skippedodd td {background-color: #DDD}
.failedodd td,.numi_attn {background-color: #F33}
.failedeven td,.stripe .numi_attn {background-color: #D00}
.stacktrace {white-space:pre;font-family:monospace}
.totop {font-size:85%;text-align:center;border-bottom:2px solid #000}
</style>
</head>
<body>
<table cellspacing="0" cellpadding="0" class="testOverview">
<tr><th>Test</th><th>Methods<br/>Passed</th><th>Scenarios<br/>Passed</th><th># skipped</th><th># failed</th><th>Total<br/>Time</th><th>Included<br/>Groups</th><th>Excluded<br/>Groups</th></tr>
<tr><td style="text-align:left;padding-right:2em"><a href="#t1">AutomationCode</a></td><td class="numi">7</td><td class="numi">7</td><td class="numi">0</td><td class="numi_attn">2</td><td class="numi">246.1 seconds</td><td class="numi"></td><td class="numi"></td></tr>
</table>
<table cellspacing="0" cellpadding="0" class="methodOverview" id="summary">
<tr><th>Class</th><th>Method</th><th># of<br/>Scenarios</th><th>Start</th><th>Time<br/>(ms)</th></tr>
<tr id="t1"><th colspan="5">AutomationCode &#8212; failed</th></tr>
<tr class="failedodd"><td>org.example.GetInTouch</td><td><a href="#m1"><b>testLogin</b>  </a></td><td class="numi">1</td><td>1712205482420</td><td class="numi">45463</td></tr>
<tr class="failedeven"><td>org.example.CareerPage</td><td><a href="#m2"><b>testLogin</b>  </a></td><td class="numi">1</td><td>1712205389234</td><td class="numi">19660</td></tr>
<tr><th colspan="5">AutomationCode &#8212; passed</th></tr>
<tr class="passedodd"><td>org.example.CSRActivitiesPage</td><td><a href="#m3"><b>testLogin</b>  </a></td><td class="numi">1</td><td>1712205345253</td><td class="numi">13742</td></tr>
<tr class="passedeven"><td>org.example.WishListProducts</td><td><a href="#m4"><b>testNewsletterFormSubmission</b>  </a></td><td class="numi">1</td><td>1712205530405</td><td class="numi">28764</td></tr>
<tr class="passedodd"><td>org.example.Login</td><td><a href="#m5"><b>testLogin</b>  </a></td><td class="numi">1</td><td>1712205410994</td><td class="numi">25533</td></tr>
<tr class="passedeven"><td>org.example.SearchProducts</td><td><a href="#m6"><b>testNewsletterFormSubmission</b>  </a></td><td class="numi">1</td><td>1712205361211</td><td class="numi">25213</td></tr>
<tr class="passedodd"><td>org.example.Newsletter</td><td><a href="#m7"><b>testNewsletterFormSubmission</b>  </a></td><td class="numi">1</td><td>1712205450064</td><td class="numi">30128</td></tr>
<tr class="passedeven"><td>org.example.AddToCart</td><td><a href="#m8"><b>testNewsletterFormSubmission</b>  </a></td><td class="numi">1</td><td>1712205318139</td><td class="numi">25127</td></tr>
<tr class="passedodd"><td>org.example.CorporateGiftPage</td><td><a href="#m9"><b>testLogin</b>  </a></td><td class="numi">1</td><td>1712205438723</td><td class="numi">9091</td></tr>
</table>
<h1>AutomationCode</h1>
<h2 id="m1">org.example.GetInTouch:testLogin</h2>
<div>
<div class="stacktrace">org.openqa.selenium.ElementClickInterceptedException: element click intercepted: Element is not clickable at point (1289, 861)
  (Session info: chrome=123.0.6312.88)
Build info: version: &apos;4.12.1&apos;, revision: &apos;8e34639b11&apos;
System info: os.name: &apos;Windows 11&apos;, os.arch: &apos;amd64&apos;, os.version: &apos;10.0&apos;, java.version: &apos;21.0.2&apos;
Driver info: org.openqa.selenium.chrome.ChromeDriver
Command: [44e553ff23a80b60bcb54de02b2341cd, clickElement {id=f.4D44F2DE2DF5EB87B043B2621AC13259.d.56BA891DC1DFD467E2D4BFBAE19D928D.e.484}]
Capabilities {acceptInsecureCerts: false, browserName: chrome, browserVersion: 123.0.6312.88, chrome: {chromedriverVersion: 123.0.6312.86 (9b72c47a0536..., userDataDir: C:\Users\USER\AppData\Local...}, fedcm:accounts: true, goog:chromeOptions: {debuggerAddress: localhost:55960}, networkConnectionEnabled: false, pageLoadStrategy: normal, platformName: windows, proxy: Proxy(), se:cdp: ws://localhost:55960/devtoo..., se:cdpVersion: 123.0.6312.88, setWindowRect: true, strictFileInteractability: false, timeouts: {implicit: 0, pageLoad: 300000, script: 30000}, unhandledPromptBehavior: dismiss and notify, webauthn:extension:credBlob: true, webauthn:extension:largeBlob: true, webauthn:extension:minPinLength: true, webauthn:extension:prf: true, webauthn:virtualAuthenticators: true}
Element: [[ChromeDriver: chrome on windows (44e553ff23a80b60bcb54de02b2341cd)] -&gt; xpath: /html/body/div[5]/div/div/div/div[2]/div/form/div[7]/div/button]
Session ID: 44e553ff23a80b60bcb54de02b2341cd
	at org.openqa.selenium.remote.codec.w3c.W3CHttpResponseCodec.createException(W3CHttpResponseCodec.java:200)
	at org.openqa.selenium.remote.codec.w3c.W3CHttpResponseCodec.decode(W3CHttpResponseCodec.java:133)
	at org.openqa.selenium.remote.codec.w3c.W3CHttpResponseCodec.decode(W3CHttpResponseCodec.java:52)
	at org.openqa.selenium.remote.HttpCommandExecutor.execute(HttpCommandExecutor.java:191)
	at org.openqa.selenium.remote.service.DriverCommandExecutor.invokeExecute(DriverCommandExecutor.java:196)
	at org.openqa.selenium.remote.service.DriverCommandExecutor.execute(DriverCommandExecutor.java:171)
	at org.openqa.selenium.remote.RemoteWebDriver.execute(RemoteWebDriver.java:602)
	at org.openqa.selenium.remote.RemoteWebElement.execute(RemoteWebElement.java:224)
	at org.openqa.selenium.remote.RemoteWebElement.click(RemoteWebElement.java:77)
	at org.example.GetInTouch.testLogin(GetInTouch.java:84)
	at java.base/java.util.ArrayList.forEach(ArrayList.java:1596)
	at com.intellij.rt.testng.IDEARemoteTestNG.run(IDEARemoteTestNG.java:66)
	at com.intellij.rt.testng.RemoteTestNGStarter.main(RemoteTestNGStarter.java:105)
... Removed 25 stack frames</div>
</div>
<p class="totop"><a href="#summary">back to summary</a></p>
<h2 id="m2">org.example.CareerPage:testLogin</h2>
<div>
<div class="stacktrace">org.openqa.selenium.ElementClickInterceptedException: element click intercepted: Element is not clickable at point (1138, 800)
  (Session info: chrome=123.0.6312.88)
Build info: version: &apos;4.12.1&apos;, revision: &apos;8e34639b11&apos;
System info: os.name: &apos;Windows 11&apos;, os.arch: &apos;amd64&apos;, os.version: &apos;10.0&apos;, java.version: &apos;21.0.2&apos;
Driver info: org.openqa.selenium.chrome.ChromeDriver
Command: [6f8d31212b7314522fcae189b3579de2, clickElement {id=f.E3018A134CEB86AE216D125E29C7C1AF.d.517291F66CFBF590509307FE65E46A6B.e.464}]
Capabilities {acceptInsecureCerts: false, browserName: chrome, browserVersion: 123.0.6312.88, chrome: {chromedriverVersion: 123.0.6312.86 (9b72c47a0536..., userDataDir: C:\Users\USER\AppData\Local...}, fedcm:accounts: true, goog:chromeOptions: {debuggerAddress: localhost:55748}, networkConnectionEnabled: false, pageLoadStrategy: normal, platformName: windows, proxy: Proxy(), se:cdp: ws://localhost:55748/devtoo..., se:cdpVersion: 123.0.6312.88, setWindowRect: true, strictFileInteractability: false, timeouts: {implicit: 0, pageLoad: 300000, script: 30000}, unhandledPromptBehavior: dismiss and notify, webauthn:extension:credBlob: true, webauthn:extension:largeBlob: true, webauthn:extension:minPinLength: true, webauthn:extension:prf: true, webauthn:virtualAuthenticators: true}
Element: [[ChromeDriver: chrome on windows (6f8d31212b7314522fcae189b3579de2)] -&gt; id: career_submit]
Session ID: 6f8d31212b7314522fcae189b3579de2
	at org.openqa.selenium.remote.codec.w3c.W3CHttpResponseCodec.createException(W3CHttpResponseCodec.java:200)
	at org.openqa.selenium.remote.codec.w3c.W3CHttpResponseCodec.decode(W3CHttpResponseCodec.java:133)
	at org.openqa.selenium.remote.codec.w3c.W3CHttpResponseCodec.decode(W3CHttpResponseCodec.java:52)
	at org.openqa.selenium.remote.HttpCommandExecutor.execute(HttpCommandExecutor.java:191)
	at org.openqa.selenium.remote.service.DriverCommandExecutor.invokeExecute(DriverCommandExecutor.java:196)
	at org.openqa.selenium.remote.service.DriverCommandExecutor.execute(DriverCommandExecutor.java:171)
	at org.openqa.selenium.remote.RemoteWebDriver.execute(RemoteWebDriver.java:602)
	at org.openqa.selenium.remote.RemoteWebElement.execute(RemoteWebElement.java:224)
	at org.openqa.selenium.remote.RemoteWebElement.click(RemoteWebElement.java:77)
	at org.example.CareerPage.testLogin(CareerPage.java:115)
	at java.base/java.util.ArrayList.forEach(ArrayList.java:1596)
	at com.intellij.rt.testng.IDEARemoteTestNG.run(IDEARemoteTestNG.java:66)
	at com.intellij.rt.testng.RemoteTestNGStarter.main(RemoteTestNGStarter.java:105)
... Removed 25 stack frames</div>
</div>
<p class="totop"><a href="#summary">back to summary</a></p>
<h2 id="m3">org.example.SearchProducts:testNewsletterFormSubmission</h2>
<p class="totop"><a href="#summary">back to summary</a></p>
<h2 id="m4">org.example.CSRActivitiesPage:testLogin</h2>
<p class="totop"><a href="#summary">back to summary</a></p>
<h2 id="m5">org.example.Newsletter:testNewsletterFormSubmission</h2>
<p class="totop"><a href="#summary">back to summary</a></p>
<h2 id="m6">org.example.WishListProducts:testNewsletterFormSubmission</h2>
<p class="totop"><a href="#summary">back to summary</a></p>
<h2 id="m7">org.example.AddToCart:testNewsletterFormSubmission</h2>
<p class="totop"><a href="#summary">back to summary</a></p>
<h2 id="m8">org.example.Login:testLogin</h2>
<p class="totop"><a href="#summary">back to summary</a></p>
<h2 id="m9">org.example.CorporateGiftPage:testLogin</h2>
<p class="totop"><a href="#summary">back to summary</a></p>
</body></html>
